0 verbose cli [
0 verbose cli   'C:\\nodejs\\node.exe',
0 verbose cli   'C:\\nodejs\\node_modules\\npm\\bin\\npm-cli.js',
0 verbose cli   'install',
0 verbose cli   '--ignore-scripts',
0 verbose cli   '@types/json-server@ts5.2',
0 verbose cli   '@types/react@ts5.2',
0 verbose cli   '@types/react-dom@ts5.2',
0 verbose cli   '--save-dev',
0 verbose cli   '--user-agent=typesInstaller/5.2.2'
0 verbose cli ]
1 info using npm@8.5.5
2 info using node@v16.15.0
3 timing npm:load:whichnode Completed in 0ms
4 timing config:load:defaults Completed in 8ms
5 timing config:load:file:C:\nvm\v16.15.0\node_modules\npm\npmrc Completed in 3ms
6 timing config:load:builtin Completed in 4ms
7 timing config:load:cli Completed in 5ms
8 timing config:load:env Completed in 2ms
9 timing config:load:file:C:\Users\Genaro Bautista\AppData\Local\Microsoft\TypeScript\5.2\.npmrc Completed in 0ms
10 timing config:load:project Completed in 36ms
11 timing config:load:file:C:\Users\Genaro Bautista\.npmrc Completed in 3ms
12 timing config:load:user Completed in 4ms
13 timing config:load:file:C:\nodejs\etc\npmrc Completed in 1ms
14 timing config:load:global Completed in 2ms
15 timing config:load:validate Completed in 1ms
16 timing config:load:credentials Completed in 3ms
17 timing config:load:setEnvs Completed in 2ms
18 timing config:load Completed in 68ms
19 timing npm:load:configload Completed in 68ms
20 timing npm:load:setTitle Completed in 1ms
21 timing config:load:flatten Completed in 9ms
22 timing npm:load:display Completed in 11ms
23 verbose logfile C:\react-learn\npm-cache\_logs\2023-11-13T16_59_14_235Z-debug-0.log
24 timing npm:load:logFile Completed in 21ms
25 timing npm:load:timers Completed in 0ms
26 timing npm:load:configScope Completed in 0ms
27 timing npm:load Completed in 105ms
28 timing arborist:ctor Completed in 2ms
29 silly logfile start cleaning logs, removing 2 files
30 timing idealTree:init Completed in 319ms
31 timing arborist:ctor Completed in 0ms
32 http fetch GET 200 https://registry.npmjs.org/@types%2freact 662ms (cache miss)
33 http fetch GET 200 https://registry.npmjs.org/@types%2freact-dom 677ms (cache miss)
34 http fetch GET 200 https://registry.npmjs.org/@types%2fjson-server 1052ms (cache miss)
35 timing idealTree:userRequests Completed in 1071ms
36 silly idealTree buildDeps
37 silly fetch manifest @types/json-server@0.14.7
38 silly fetch manifest @types/react@18.2.37
39 silly fetch manifest @types/react-dom@18.2.15
40 silly placeDep ROOT @types/json-server@0.14.7 REPLACE for:  want: 0.14.7
41 silly placeDep ROOT @types/react@18.2.37 REPLACE for:  want: 18.2.37
42 silly placeDep ROOT @types/react-dom@18.2.15 REPLACE for:  want: 18.2.15
43 timing idealTree:#root Completed in 39ms
44 timing idealTree:node_modules/@types/json-server Completed in 0ms
45 timing idealTree:node_modules/@types/react Completed in 0ms
46 timing idealTree:node_modules/@types/react-dom Completed in 0ms
47 timing idealTree:buildDeps Completed in 42ms
48 timing idealTree:fixDepFlags Completed in 4ms
49 timing idealTree Completed in 1449ms
50 timing reify:loadTrees Completed in 1452ms
51 timing reify:diffTrees Completed in 11ms
52 silly reify mark retired [
52 silly reify   'C:\\Users\\Genaro Bautista\\AppData\\Local\\Microsoft\\TypeScript\\5.2\\node_modules\\@types\\json-server'
52 silly reify ]
53 silly reify mark retired [
53 silly reify   'C:\\Users\\Genaro Bautista\\AppData\\Local\\Microsoft\\TypeScript\\5.2\\node_modules\\@types\\react'
53 silly reify ]
54 silly reify mark retired [
54 silly reify   'C:\\Users\\Genaro Bautista\\AppData\\Local\\Microsoft\\TypeScript\\5.2\\node_modules\\@types\\react-dom'
54 silly reify ]
55 silly reify moves {
55 silly reify   'C:\\Users\\Genaro Bautista\\AppData\\Local\\Microsoft\\TypeScript\\5.2\\node_modules\\@types\\json-server': 'C:\\Users\\Genaro Bautista\\AppData\\Local\\Microsoft\\TypeScript\\5.2\\node_modules\\@types\\.json-server-qBlQx4QV',
55 silly reify   'C:\\Users\\Genaro Bautista\\AppData\\Local\\Microsoft\\TypeScript\\5.2\\node_modules\\@types\\react': 'C:\\Users\\Genaro Bautista\\AppData\\Local\\Microsoft\\TypeScript\\5.2\\node_modules\\@types\\.react-ecV1F89y',
55 silly reify   'C:\\Users\\Genaro Bautista\\AppData\\Local\\Microsoft\\TypeScript\\5.2\\node_modules\\@types\\react-dom': 'C:\\Users\\Genaro Bautista\\AppData\\Local\\Microsoft\\TypeScript\\5.2\\node_modules\\@types\\.react-dom-HUzDqHJr'
55 silly reify }
56 timing reify:retireShallow Completed in 20ms
57 timing reify:createSparse Completed in 10ms
58 timing reify:loadBundles Completed in 0ms
59 silly audit bulk request {
59 silly audit   '@babel/code-frame': [ '7.22.5' ],
59 silly audit   '@babel/helper-string-parser': [ '7.22.5' ],
59 silly audit   '@babel/helper-validator-identifier': [ '7.22.20' ],
59 silly audit   '@babel/highlight': [ '7.22.5' ],
59 silly audit   'ansi-styles': [ '3.2.1', '4.3.0', '5.2.0' ],
59 silly audit   chalk: [ '2.4.2', '4.1.2' ],
59 silly audit   'color-convert': [ '1.9.3', '2.0.1' ],
59 silly audit   'color-name': [ '1.1.3', '1.1.4' ],
59 silly audit   'has-flag': [ '3.0.0', '4.0.0' ],
59 silly audit   'supports-color': [ '5.5.0', '7.2.0' ],
59 silly audit   '@babel/parser': [ '7.23.0' ],
59 silly audit   '@babel/types': [ '7.23.0' ],
59 silly audit   '@jest/expect-utils': [ '29.6.1' ],
59 silly audit   '@jest/schemas': [ '29.6.0' ],
59 silly audit   '@jest/types': [ '29.6.1' ],
59 silly audit   '@sinclair/typebox': [ '0.27.8' ],
59 silly audit   '@types/aria-query': [ '5.0.1' ],
59 silly audit   '@types/babel__code-frame': [ '7.0.5' ],
59 silly audit   '@types/babel__core': [ '7.20.3' ],
59 silly audit   '@types/babel__generator': [ '7.6.6' ],
59 silly audit   '@types/babel__helper-module-imports': [ '7.18.2' ],
59 silly audit   '@types/babel__helper-validator-identifier': [ '7.15.1' ],
59 silly audit   '@types/babel__template': [ '7.4.3' ],
59 silly audit   '@types/babel__traverse': [ '7.20.3' ],
59 silly audit   '@types/babel-plugin-macros': [ '3.1.2' ],
59 silly audit   '@types/body-parser': [ '1.19.2' ],
59 silly audit   '@types/color-convert': [ '2.0.2' ],
59 silly audit   '@types/color-name': [ '1.1.2' ],
59 silly audit   '@types/connect': [ '3.4.35' ],
59 silly audit   '@types/convert-source-map': [ '2.0.2' ],
59 silly audit   '@types/express': [ '4.17.17' ],
59 silly audit   '@types/express-serve-static-core': [ '4.17.35' ],
59 silly audit   '@types/find-root': [ '1.1.3' ],
59 silly audit   '@types/function-bind': [ '1.1.9' ],
59 silly audit   '@types/hoist-non-react-statics': [ '3.3.4' ],
59 silly audit   '@types/is-core-module': [ '2.2.1' ],
59 silly audit   '@types/istanbul-lib-coverage': [ '2.0.4' ],
59 silly audit   '@types/istanbul-lib-report': [ '3.0.0' ],
59 silly audit   '@types/istanbul-reports': [ '3.0.1' ],
59 silly audit   '@types/jest': [ '29.5.3' ],
59 silly audit   '@types/lodash': [ '4.14.200' ],
59 silly audit   '@types/lowdb': [ '1.0.14' ],
59 silly audit   '@types/mime': [ '1.3.2' ],
59 silly audit   '@types/node': [ '20.2.5' ],
59 silly audit   '@types/object-assign': [ '4.0.32' ],
59 silly audit   '@types/parse-json': [ '4.0.1' ],
59 silly audit   '@types/path-parse': [ '1.0.21' ],
59 silly audit   '@types/prop-types': [ '15.7.9' ],
59 silly audit   '@types/qs': [ '6.9.7' ],
59 silly audit   '@types/range-parser': [ '1.2.4' ],
59 silly audit   '@types/react-transition-group': [ '4.4.8' ],
59 silly audit   '@types/regenerator-runtime': [ '0.13.3' ],
59 silly audit   '@types/resolve': [ '1.20.4' ],
59 silly audit   '@types/scheduler': [ '0.16.3' ],
59 silly audit   '@types/send': [ '0.17.1' ],
59 silly audit   '@types/serve-static': [ '1.15.1' ],
59 silly audit   '@types/stack-utils': [ '2.0.1' ],
59 silly audit   '@types/styled-components': [ '5.1.28' ],
59 silly audit   '@types/stylis': [ '4.2.2' ],
59 silly audit   '@types/supports-color': [ '8.1.2' ],
59 silly audit   '@types/testing-library__jest-dom': [ '5.14.8' ],
59 silly audit   '@types/yargs': [ '17.0.24' ],
59 silly audit   '@types/yargs-parser': [ '21.0.0' ],
59 silly audit   braces: [ '3.0.2' ],
59 silly audit   'ci-info': [ '3.8.0' ],
59 silly audit   csstype: [ '3.1.2' ],
59 silly audit   'diff-sequences': [ '29.4.3' ],
59 silly audit   'escape-string-regexp': [ '1.0.5', '2.0.0' ],
59 silly audit   expect: [ '29.6.1' ],
59 silly audit   'fill-range': [ '7.0.1' ],
59 silly audit   'graceful-fs': [ '4.2.11' ],
59 silly audit   'hoist-non-react-statics': [ '3.3.2' ],
59 silly audit   'react-is': [ '16.13.1', '18.2.0' ],
59 silly audit   'is-number': [ '7.0.0' ],
59 silly audit   'jest-diff': [ '29.6.1' ],
59 silly audit   'jest-get-type': [ '29.4.3' ],
59 silly audit   'jest-matcher-utils': [ '29.6.1' ],
59 silly audit   'jest-message-util': [ '29.6.1' ],
59 silly audit   'jest-util': [ '29.6.1' ],
59 silly audit   'js-tokens': [ '4.0.0' ],
59 silly audit   micromatch: [ '4.0.5' ],
59 silly audit   picomatch: [ '2.3.1' ],
59 silly audit   'pretty-format': [ '29.6.1' ],
59 silly audit   slash: [ '3.0.0' ],
59 silly audit   'stack-utils': [ '2.0.6' ],
59 silly audit   'to-fast-properties': [ '2.0.0' ],
59 silly audit   'to-regex-range': [ '5.0.1' ],
59 silly audit   'types-registry': [ '0.1.670' ],
59 silly audit   '@types/json-server': [ '0.14.7' ],
59 silly audit   '@types/react': [ '18.2.37' ],
59 silly audit   '@types/react-dom': [ '18.2.15' ]
59 silly audit }
60 silly tarball no local data for @types/react-dom@https://registry.npmjs.org/@types/react-dom/-/react-dom-18.2.15.tgz. Extracting by manifest.
61 silly tarball no local data for @types/react@https://registry.npmjs.org/@types/react/-/react-18.2.37.tgz. Extracting by manifest.
62 silly tarball no local data for @types/json-server@https://registry.npmjs.org/@types/json-server/-/json-server-0.14.7.tgz. Extracting by manifest.
63 http fetch POST 200 https://registry.npmjs.org/-/npm/v1/security/advisories/bulk 203ms
64 timing auditReport:getReport Completed in 210ms
65 silly audit report {}
66 timing auditReport:init Completed in 0ms
67 timing reify:audit Completed in 214ms
68 http fetch GET 200 https://registry.npmjs.org/@types/react-dom/-/react-dom-18.2.15.tgz 274ms (cache miss)
69 timing reifyNode:node_modules/@types/react-dom Completed in 312ms
70 http fetch GET 200 https://registry.npmjs.org/@types/react/-/react-18.2.37.tgz 344ms (cache miss)
71 timing reifyNode:node_modules/@types/react Completed in 378ms
72 http fetch GET 200 https://registry.npmjs.org/@types/json-server/-/json-server-0.14.7.tgz 525ms (cache miss)
73 timing reifyNode:node_modules/@types/json-server Completed in 570ms
74 timing reify:unpack Completed in 571ms
75 timing reify:unretire Completed in 1ms
76 timing build:queue Completed in 2ms
77 timing build:deps Completed in 2ms
78 timing build Completed in 3ms
79 timing reify:build Completed in 5ms
80 timing reify:trash Completed in 39ms
81 timing reify:save Completed in 114ms
82 timing reify Completed in 2292ms
83 silly CHANGE node_modules/@types/react-dom
84 silly CHANGE node_modules/@types/react
85 silly CHANGE node_modules/@types/json-server
86 timing command:install Completed in 2330ms
87 verbose exit 0
88 timing npm Completed in 3729ms
89 info ok
