0 verbose cli [
0 verbose cli   'C:\\nodejs\\node.exe',
0 verbose cli   'C:\\nodejs\\node_modules\\npm\\bin\\npm-cli.js',
0 verbose cli   'prefix',
0 verbose cli   '-g'
0 verbose cli ]
1 info using npm@8.5.5
2 info using node@v16.15.0
3 timing npm:load:whichnode Completed in 1ms
4 timing config:load:defaults Completed in 7ms
5 timing config:load:file:C:\nvm\v16.15.0\node_modules\npm\npmrc Completed in 11ms
6 timing config:load:builtin Completed in 12ms
7 timing config:load:cli Completed in 5ms
8 timing config:load:env Completed in 2ms
9 timing config:load:project Completed in 4ms
10 timing config:load:file:C:\Users\Genaro Bautista\.npmrc Completed in 31ms
11 timing config:load:user Completed in 31ms
12 timing config:load:file:C:\nodejs\etc\npmrc Completed in 1ms
13 timing config:load:global Completed in 1ms
14 timing config:load:validate Completed in 1ms
15 timing config:load:credentials Completed in 7ms
16 timing config:load:setEnvs Completed in 3ms
17 timing config:load Completed in 80ms
18 timing npm:load:configload Completed in 81ms
19 timing npm:load:setTitle Completed in 0ms
20 timing config:load:flatten Completed in 8ms
21 timing npm:load:display Completed in 12ms
22 verbose logfile C:\react-learn\npm-cache\_logs\2023-11-21T16_03_28_359Z-debug-0.log
23 timing npm:load:logFile Completed in 30ms
24 timing npm:load:timers Completed in 1ms
25 timing npm:load:configScope Completed in 0ms
26 timing npm:load Completed in 129ms
27 timing command:prefix Completed in 3ms
28 verbose exit 0
29 timing npm Completed in 12955ms
30 info ok
