0 verbose cli [
0 verbose cli   'C:\\nodejs\\node.exe',
0 verbose cli   'C:\\nodejs\\node_modules\\npm\\bin\\npm-cli.js',
0 verbose cli   'install',
0 verbose cli   '--ignore-scripts',
0 verbose cli   'types-registry@latest'
0 verbose cli ]
1 info using npm@8.5.5
2 info using node@v16.15.0
3 timing npm:load:whichnode Completed in 1ms
4 timing config:load:defaults Completed in 4ms
5 timing config:load:file:C:\nvm\v16.15.0\node_modules\npm\npmrc Completed in 6ms
6 timing config:load:builtin Completed in 6ms
7 timing config:load:cli Completed in 5ms
8 timing config:load:env Completed in 2ms
9 timing config:load:file:C:\Users\Genaro Bautista\AppData\Local\Microsoft\TypeScript\5.2\.npmrc Completed in 0ms
10 timing config:load:project Completed in 16ms
11 timing config:load:file:C:\Users\Genaro Bautista\.npmrc Completed in 2ms
12 timing config:load:user Completed in 3ms
13 timing config:load:file:C:\nodejs\etc\npmrc Completed in 0ms
14 timing config:load:global Completed in 1ms
15 timing config:load:validate Completed in 0ms
16 timing config:load:credentials Completed in 3ms
17 timing config:load:setEnvs Completed in 2ms
18 timing config:load Completed in 44ms
19 timing npm:load:configload Completed in 44ms
20 timing npm:load:setTitle Completed in 1ms
21 timing config:load:flatten Completed in 7ms
22 timing npm:load:display Completed in 9ms
23 verbose logfile C:\react-learn\npm-cache\_logs\2023-11-21T16_04_05_680Z-debug-0.log
24 timing npm:load:logFile Completed in 17ms
25 timing npm:load:timers Completed in 0ms
26 timing npm:load:configScope Completed in 0ms
27 timing npm:load Completed in 73ms
28 timing arborist:ctor Completed in 2ms
29 silly logfile start cleaning logs, removing 4 files
30 timing idealTree:init Completed in 225ms
31 timing arborist:ctor Completed in 1ms
32 http fetch GET 200 https://registry.npmjs.org/types-registry 1237ms (cache updated)
33 timing idealTree:userRequests Completed in 1261ms
34 silly idealTree buildDeps
35 silly fetch manifest types-registry@0.1.671
36 silly placeDep ROOT types-registry@0.1.671 REPLACE for:  want: 0.1.671
37 timing idealTree:#root Completed in 15ms
38 timing idealTree:node_modules/types-registry Completed in 0ms
39 timing idealTree:buildDeps Completed in 18ms
40 timing idealTree:fixDepFlags Completed in 3ms
41 timing idealTree Completed in 1515ms
42 timing reify:loadTrees Completed in 1517ms
43 timing reify:diffTrees Completed in 12ms
44 silly reify mark retired [
44 silly reify   'C:\\Users\\Genaro Bautista\\AppData\\Local\\Microsoft\\TypeScript\\5.2\\node_modules\\types-registry'
44 silly reify ]
45 silly reify moves {
45 silly reify   'C:\\Users\\Genaro Bautista\\AppData\\Local\\Microsoft\\TypeScript\\5.2\\node_modules\\types-registry': 'C:\\Users\\Genaro Bautista\\AppData\\Local\\Microsoft\\TypeScript\\5.2\\node_modules\\.types-registry-rpQ7vEuG'
45 silly reify }
46 timing reify:retireShallow Completed in 6ms
47 timing reify:createSparse Completed in 3ms
48 timing reify:loadBundles Completed in 0ms
49 silly audit bulk request {
49 silly audit   '@babel/code-frame': [ '7.22.5' ],
49 silly audit   '@babel/helper-string-parser': [ '7.22.5' ],
49 silly audit   '@babel/helper-validator-identifier': [ '7.22.20' ],
49 silly audit   '@babel/highlight': [ '7.22.5' ],
49 silly audit   'ansi-styles': [ '3.2.1', '4.3.0', '5.2.0' ],
49 silly audit   chalk: [ '2.4.2', '4.1.2' ],
49 silly audit   'color-convert': [ '1.9.3', '2.0.1' ],
49 silly audit   'color-name': [ '1.1.3', '1.1.4' ],
49 silly audit   'has-flag': [ '3.0.0', '4.0.0' ],
49 silly audit   'supports-color': [ '5.5.0', '7.2.0' ],
49 silly audit   '@babel/parser': [ '7.23.0' ],
49 silly audit   '@babel/types': [ '7.23.0' ],
49 silly audit   '@jest/expect-utils': [ '29.6.1' ],
49 silly audit   '@jest/schemas': [ '29.6.0' ],
49 silly audit   '@jest/types': [ '29.6.1' ],
49 silly audit   '@sinclair/typebox': [ '0.27.8' ],
49 silly audit   '@types/aria-query': [ '5.0.1' ],
49 silly audit   '@types/babel__code-frame': [ '7.0.5' ],
49 silly audit   '@types/babel__core': [ '7.20.3' ],
49 silly audit   '@types/babel__generator': [ '7.6.6' ],
49 silly audit   '@types/babel__helper-module-imports': [ '7.18.2' ],
49 silly audit   '@types/babel__helper-validator-identifier': [ '7.15.1' ],
49 silly audit   '@types/babel__template': [ '7.4.3' ],
49 silly audit   '@types/babel__traverse': [ '7.20.3' ],
49 silly audit   '@types/babel-plugin-macros': [ '3.1.2' ],
49 silly audit   '@types/body-parser': [ '1.19.2' ],
49 silly audit   '@types/color-convert': [ '2.0.2' ],
49 silly audit   '@types/color-name': [ '1.1.2' ],
49 silly audit   '@types/connect': [ '3.4.35' ],
49 silly audit   '@types/convert-source-map': [ '2.0.2' ],
49 silly audit   '@types/express': [ '4.17.17' ],
49 silly audit   '@types/express-serve-static-core': [ '4.17.35' ],
49 silly audit   '@types/find-root': [ '1.1.3' ],
49 silly audit   '@types/function-bind': [ '1.1.9' ],
49 silly audit   '@types/hoist-non-react-statics': [ '3.3.4' ],
49 silly audit   '@types/is-core-module': [ '2.2.1' ],
49 silly audit   '@types/istanbul-lib-coverage': [ '2.0.4' ],
49 silly audit   '@types/istanbul-lib-report': [ '3.0.0' ],
49 silly audit   '@types/istanbul-reports': [ '3.0.1' ],
49 silly audit   '@types/jest': [ '29.5.3' ],
49 silly audit   '@types/json-server': [ '0.14.7' ],
49 silly audit   '@types/lodash': [ '4.14.200' ],
49 silly audit   '@types/lowdb': [ '1.0.14' ],
49 silly audit   '@types/mime': [ '1.3.2' ],
49 silly audit   '@types/node': [ '20.2.5' ],
49 silly audit   '@types/object-assign': [ '4.0.32' ],
49 silly audit   '@types/parse-json': [ '4.0.1' ],
49 silly audit   '@types/path-parse': [ '1.0.21' ],
49 silly audit   '@types/prop-types': [ '15.7.9' ],
49 silly audit   '@types/qs': [ '6.9.7' ],
49 silly audit   '@types/range-parser': [ '1.2.4' ],
49 silly audit   '@types/react': [ '18.2.37' ],
49 silly audit   '@types/react-dom': [ '18.2.15' ],
49 silly audit   '@types/react-transition-group': [ '4.4.8' ],
49 silly audit   '@types/regenerator-runtime': [ '0.13.3' ],
49 silly audit   '@types/resolve': [ '1.20.4' ],
49 silly audit   '@types/scheduler': [ '0.16.3' ],
49 silly audit   '@types/send': [ '0.17.1' ],
49 silly audit   '@types/serve-static': [ '1.15.1' ],
49 silly audit   '@types/stack-utils': [ '2.0.1' ],
49 silly audit   '@types/styled-components': [ '5.1.28' ],
49 silly audit   '@types/stylis': [ '4.2.2' ],
49 silly audit   '@types/supports-color': [ '8.1.2' ],
49 silly audit   '@types/testing-library__jest-dom': [ '5.14.8' ],
49 silly audit   '@types/yargs': [ '17.0.24' ],
49 silly audit   '@types/yargs-parser': [ '21.0.0' ],
49 silly audit   braces: [ '3.0.2' ],
49 silly audit   'ci-info': [ '3.8.0' ],
49 silly audit   csstype: [ '3.1.2' ],
49 silly audit   'diff-sequences': [ '29.4.3' ],
49 silly audit   'escape-string-regexp': [ '1.0.5', '2.0.0' ],
49 silly audit   expect: [ '29.6.1' ],
49 silly audit   'fill-range': [ '7.0.1' ],
49 silly audit   'graceful-fs': [ '4.2.11' ],
49 silly audit   'hoist-non-react-statics': [ '3.3.2' ],
49 silly audit   'react-is': [ '16.13.1', '18.2.0' ],
49 silly audit   'is-number': [ '7.0.0' ],
49 silly audit   'jest-diff': [ '29.6.1' ],
49 silly audit   'jest-get-type': [ '29.4.3' ],
49 silly audit   'jest-matcher-utils': [ '29.6.1' ],
49 silly audit   'jest-message-util': [ '29.6.1' ],
49 silly audit   'jest-util': [ '29.6.1' ],
49 silly audit   'js-tokens': [ '4.0.0' ],
49 silly audit   micromatch: [ '4.0.5' ],
49 silly audit   picomatch: [ '2.3.1' ],
49 silly audit   'pretty-format': [ '29.6.1' ],
49 silly audit   slash: [ '3.0.0' ],
49 silly audit   'stack-utils': [ '2.0.6' ],
49 silly audit   'to-fast-properties': [ '2.0.0' ],
49 silly audit   'to-regex-range': [ '5.0.1' ],
49 silly audit   'types-registry': [ '0.1.671' ]
49 silly audit }
50 silly tarball no local data for types-registry@https://registry.npmjs.org/types-registry/-/types-registry-0.1.671.tgz. Extracting by manifest.
51 http fetch POST 200 https://registry.npmjs.org/-/npm/v1/security/advisories/bulk 631ms
52 timing auditReport:getReport Completed in 639ms
53 silly audit report {}
54 timing auditReport:init Completed in 0ms
55 timing reify:audit Completed in 641ms
56 http fetch GET 200 https://registry.npmjs.org/types-registry/-/types-registry-0.1.671.tgz 1062ms (cache miss)
57 timing reifyNode:node_modules/types-registry Completed in 1085ms
58 timing reify:unpack Completed in 1087ms
59 timing reify:unretire Completed in 0ms
60 timing build:queue Completed in 1ms
61 timing build:deps Completed in 2ms
62 timing build Completed in 3ms
63 timing reify:build Completed in 3ms
64 timing reify:trash Completed in 6ms
65 timing reify:save Completed in 62ms
66 timing reify Completed in 2744ms
67 silly CHANGE node_modules/types-registry
68 timing command:install Completed in 2759ms
69 verbose exit 0
70 timing npm Completed in 6163ms
71 info ok
