0 verbose cli [
0 verbose cli   'C:\\nodejs\\node.exe',
0 verbose cli   'C:\\nodejs\\node_modules\\npm\\bin\\npm-cli.js',
0 verbose cli   'view',
0 verbose cli   '--json',
0 verbose cli   '--',
0 verbose cli   'json-server',
0 verbose cli   'description',
0 verbose cli   'dist-tags.latest',
0 verbose cli   'homepage',
0 verbose cli   'version',
0 verbose cli   'time'
0 verbose cli ]
1 info using npm@8.5.5
2 info using node@v16.15.0
3 timing npm:load:whichnode Completed in 1ms
4 timing config:load:defaults Completed in 5ms
5 timing config:load:file:C:\nvm\v16.15.0\node_modules\npm\npmrc Completed in 3ms
6 timing config:load:builtin Completed in 4ms
7 timing config:load:cli Completed in 5ms
8 timing config:load:env Completed in 2ms
9 timing config:load:file:c:\react-learn\.npmrc Completed in 0ms
10 timing config:load:project Completed in 9ms
11 timing config:load:file:C:\Users\Genaro Bautista\.npmrc Completed in 2ms
12 timing config:load:user Completed in 4ms
13 timing config:load:file:C:\nodejs\etc\npmrc Completed in 1ms
14 timing config:load:global Completed in 1ms
15 timing config:load:validate Completed in 1ms
16 timing config:load:credentials Completed in 2ms
17 timing config:load:setEnvs Completed in 1ms
18 timing config:load Completed in 36ms
19 timing npm:load:configload Completed in 36ms
20 timing npm:load:setTitle Completed in 1ms
21 timing config:load:flatten Completed in 10ms
22 timing npm:load:display Completed in 11ms
23 verbose logfile C:\react-learn\npm-cache\_logs\2023-11-04T15_05_08_796Z-debug-0.log
24 timing npm:load:logFile Completed in 20ms
25 timing npm:load:timers Completed in 0ms
26 timing npm:load:configScope Completed in 0ms
27 timing npm:load Completed in 70ms
28 silly logfile start cleaning logs, removing 2 files
29 http fetch GET 200 https://registry.npmjs.org/json-server 615ms (cache revalidated)
30 timing command:view Completed in 648ms
31 verbose exit 0
32 timing npm Completed in 1491ms
33 info ok
